# JRE version: OpenJDK Runtime Environment (8.0_152-b08) (build 1.8.0_152-release-915-b08)
# Java VM: OpenJDK 64-Bit Server VM (25.152-b08 mixed mode bsd-amd64 compressed oops)
Heap:
 PSYoungGen      total 326144K, used 94920K [0x00000007a0000000, 0x00000007b8b00000, 0x00000007c0000000)
  eden space 284160K, 31% used [0x00000007a0000000,0x00000007a57b4ef0,0x00000007b1580000)
  from space 41984K, 12% used [0x00000007b1580000,0x00000007b1a7d208,0x00000007b3e80000)
  to   space 41984K, 0% used [0x00000007b6200000,0x00000007b6200000,0x00000007b8b00000)
 ParOldGen       total 165888K, used 138612K [0x0000000760000000, 0x000000076a200000, 0x00000007a0000000)
  object space 165888K, 83% used [0x0000000760000000,0x000000076875d1b8,0x000000076a200000)
 Metaspace       used 127349K, capacity 136890K, committed 137176K, reserved 1167360K
  class space    used 16349K, capacity 18374K, committed 18432K, reserved 1048576K
GC Heap History (10 events):
Event: 7754.886 GC heap before
{Heap before GC invocations=35 (full 4):
 PSYoungGen      total 260096K, used 252730K [0x00000007a0000000, 0x00000007b2000000, 0x00000007c0000000)
  eden space 235520K, 100% used [0x00000007a0000000,0x00000007ae600000,0x00000007ae600000)
  from space 24576K, 70% used [0x00000007b0800000,0x00000007b18ce850,0x00000007b2000000)
  to   space 29696K, 0% used [0x00000007ae600000,0x00000007ae600000,0x00000007b0300000)
 ParOldGen       total 165888K, used 102242K [0x0000000760000000, 0x000000076a200000, 0x00000007a0000000)
  object space 165888K, 61% used [0x0000000760000000,0x00000007663d8ac0,0x000000076a200000)
 Metaspace       used 106551K, capacity 113272K, committed 113496K, reserved 1146880K
  class space    used 13722K, capacity 15212K, committed 15232K, reserved 1048576K
Event: 7755.490 GC heap after
Heap after GC invocations=35 (full 4):
 PSYoungGen      total 265216K, used 18453K [0x00000007a0000000, 0x00000007b3e80000, 0x00000007c0000000)
  eden space 235520K, 0% used [0x00000007a0000000,0x00000007a0000000,0x00000007ae600000)
  from space 29696K, 62% used [0x00000007ae600000,0x00000007af805748,0x00000007b0300000)
  to   space 29696K, 0% used [0x00000007b2180000,0x00000007b2180000,0x00000007b3e80000)
 ParOldGen       total 165888K, used 109635K [0x0000000760000000, 0x000000076a200000, 0x00000007a0000000)
  object space 165888K, 66% used [0x0000000760000000,0x0000000766b10f08,0x000000076a200000)
 Metaspace       used 106551K, capacity 113272K, committed 113496K, reserved 1146880K
  class space    used 13722K, capacity 15212K, committed 15232K, reserved 1048576K
}
Event: 9079.719 GC heap before
{Heap before GC invocations=36 (full 4):
 PSYoungGen      total 265216K, used 253973K [0x00000007a0000000, 0x00000007b3e80000, 0x00000007c0000000)
  eden space 235520K, 100% used [0x00000007a0000000,0x00000007ae600000,0x00000007ae600000)
  from space 29696K, 62% used [0x00000007ae600000,0x00000007af805748,0x00000007b0300000)
  to   space 29696K, 0% used [0x00000007b2180000,0x00000007b2180000,0x00000007b3e80000)
 ParOldGen       total 165888K, used 109635K [0x0000000760000000, 0x000000076a200000, 0x00000007a0000000)
  object space 165888K, 66% used [0x0000000760000000,0x0000000766b10f08,0x000000076a200000)
 Metaspace       used 116918K, capacity 124844K, committed 125144K, reserved 1157120K
  class space    used 15081K, capacity 16782K, committed 16896K, reserved 1048576K
Event: 9080.214 GC heap after
Heap after GC invocations=36 (full 4):
 PSYoungGen      total 291840K, used 29374K [0x00000007a0000000, 0x00000007b4200000, 0x00000007c0000000)
  eden space 262144K, 0% used [0x00000007a0000000,0x00000007a0000000,0x00000007b0000000)
  from space 29696K, 98% used [0x00000007b2180000,0x00000007b3e2f870,0x00000007b3e80000)
  to   space 33792K, 0% used [0x00000007b0000000,0x00000007b0000000,0x00000007b2100000)
 ParOldGen       total 165888K, used 109643K [0x0000000760000000, 0x000000076a200000, 0x00000007a0000000)
  object space 165888K, 66% used [0x0000000760000000,0x0000000766b12f08,0x000000076a200000)
 Metaspace       used 116918K, capacity 124844K, committed 125144K, reserved 1157120K
  class space    used 15081K, capacity 16782K, committed 16896K, reserved 1048576K
}
Event: 9104.037 GC heap before
{Heap before GC invocations=37 (full 4):
 PSYoungGen      total 291840K, used 291518K [0x00000007a0000000, 0x00000007b4200000, 0x00000007c0000000)
  eden space 262144K, 100% used [0x00000007a0000000,0x00000007b0000000,0x00000007b0000000)
  from space 29696K, 98% used [0x00000007b2180000,0x00000007b3e2f870,0x00000007b3e80000)
  to   space 33792K, 0% used [0x00000007b0000000,0x00000007b0000000,0x00000007b2100000)
 ParOldGen       total 165888K, used 109643K [0x0000000760000000, 0x000000076a200000, 0x00000007a0000000)
  object space 165888K, 66% used [0x0000000760000000,0x0000000766b12f08,0x000000076a200000)
 Metaspace       used 122301K, capacity 131002K, committed 131288K, reserved 1163264K
  class space    used 15689K, capacity 17568K, committed 17664K, reserved 1048576K
Event: 9104.350 GC heap after
Heap after GC invocations=37 (full 4):
 PSYoungGen      total 295936K, used 33768K [0x00000007a0000000, 0x00000007b6480000, 0x00000007c0000000)
  eden space 262144K, 0% used [0x00000007a0000000,0x00000007a0000000,0x00000007b0000000)
  from space 33792K, 99% used [0x00000007b0000000,0x00000007b20fa340,0x00000007b2100000)
  to   space 38912K, 0% used [0x00000007b3e80000,0x00000007b3e80000,0x00000007b6480000)
 ParOldGen       total 165888K, used 110801K [0x0000000760000000, 0x000000076a200000, 0x00000007a0000000)
  object space 165888K, 66% used [0x0000000760000000,0x0000000766c344e0,0x000000076a200000)
 Metaspace       used 122301K, capacity 131002K, committed 131288K, reserved 1163264K
  class space    used 15689K, capacity 17568K, committed 17664K, reserved 1048576K
}
Event: 9125.664 GC heap before
{Heap before GC invocations=38 (full 4):
 PSYoungGen      total 295936K, used 295912K [0x00000007a0000000, 0x00000007b6480000, 0x00000007c0000000)
  eden space 262144K, 100% used [0x00000007a0000000,0x00000007b0000000,0x00000007b0000000)
  from space 33792K, 99% used [0x00000007b0000000,0x00000007b20fa340,0x00000007b2100000)
  to   space 38912K, 0% used [0x00000007b3e80000,0x00000007b3e80000,0x00000007b6480000)
 ParOldGen       total 165888K, used 110801K [0x0000000760000000, 0x000000076a200000, 0x00000007a0000000)
  object space 165888K, 66% used [0x0000000760000000,0x0000000766c344e0,0x000000076a200000)
 Metaspace       used 123878K, capacity 132706K, committed 132952K, reserved 1165312K
  class space    used 15848K, capacity 17758K, committed 17792K, reserved 1048576K
Event: 9127.254 GC heap after
Heap after GC invocations=38 (full 4):
 PSYoungGen      total 323072K, used 31340K [0x00000007a0000000, 0x00000007b7780000, 0x00000007c0000000)
  eden space 284160K, 0% used [0x00000007a0000000,0x00000007a0000000,0x00000007b1580000)
  from space 38912K, 80% used [0x00000007b3e80000,0x00000007b5d1b0f8,0x00000007b6480000)
  to   space 41984K, 0% used [0x00000007b1580000,0x00000007b1580000,0x00000007b3e80000)
 ParOldGen       total 165888K, used 127855K [0x0000000760000000, 0x000000076a200000, 0x00000007a0000000)
  object space 165888K, 77% used [0x0000000760000000,0x0000000767cdbec8,0x000000076a200000)
 Metaspace       used 123878K, capacity 132706K, committed 132952K, reserved 1165312K
  class space    used 15848K, capacity 17758K, committed 17792K, reserved 1048576K
}
Event: 10594.481 GC heap before
{Heap before GC invocations=39 (full 4):
 PSYoungGen      total 323072K, used 315500K [0x00000007a0000000, 0x00000007b7780000, 0x00000007c0000000)
  eden space 284160K, 100% used [0x00000007a0000000,0x00000007b1580000,0x00000007b1580000)
  from space 38912K, 80% used [0x00000007b3e80000,0x00000007b5d1b0f8,0x00000007b6480000)
  to   space 41984K, 0% used [0x00000007b1580000,0x00000007b1580000,0x00000007b3e80000)
 ParOldGen       total 165888K, used 127855K [0x0000000760000000, 0x000000076a200000, 0x00000007a0000000)
  object space 165888K, 77% used [0x0000000760000000,0x0000000767cdbec8,0x000000076a200000)
 Metaspace       used 125636K, capacity 134924K, committed 135128K, reserved 1167360K
  class space    used 16090K, capacity 18101K, committed 18176K, reserved 1048576K
Event: 10595.434 GC heap after
Heap after GC invocations=39 (full 4):
 PSYoungGen      total 326144K, used 5108K [0x00000007a0000000, 0x00000007b8b00000, 0x00000007c0000000)
  eden space 284160K, 0% used [0x00000007a0000000,0x00000007a0000000,0x00000007b1580000)
  from space 41984K, 12% used [0x00000007b1580000,0x00000007b1a7d208,0x00000007b3e80000)
  to   space 41984K, 0% used [0x00000007b6200000,0x00000007b6200000,0x00000007b8b00000)
 ParOldGen       total 165888K, used 138612K [0x0000000760000000, 0x000000076a200000, 0x00000007a0000000)
  object space 165888K, 83% used [0x0000000760000000,0x000000076875d1b8,0x000000076a200000)
 Metaspace       used 125636K, capacity 134924K, committed 135128K, reserved 1167360K
  class space    used 16090K, capacity 18101K, committed 18176K, reserved 1048576K
}

